生成启动时间为 2019/2/21 20:35:15。
     1>项目“E:\吴凡\学习\LeetCode练习代码\solution\ConsoleApplication1\ConsoleApplication1\ConsoleApplication1.vcxproj”在节点 2 上(Build 个目标)。
     1>ClCompile:
         C:\Program Files (x86)\Microsoft Visual Studio 12.0\VC\bin\CL.exe /c /ZI /nologo /W3 /WX- /sdl /Od /Oy- /D WIN32 /D _DEBUG /D _CONSOLE /D _LIB /D _UNICODE /D UNICODE /Gm /EHsc /RTC1 /MDd /GS /fp:precise /Zc:wchar_t /Zc:forScope /Fo"Debug\\" /Fd"Debug\vc120.pdb" /Gd /TP /analyze- /errorReport:prompt main.cpp
         main.cpp
     1>e:\吴凡\学习\leetcode练习代码\solution\consoleapplication1\consoleapplication1\solution9_10.h(31): warning C4244: “初始化”: 从“double”转换到“int”，可能丢失数据
     1>e:\吴凡\学习\leetcode练习代码\solution\consoleapplication1\consoleapplication1\solution9_14.h(34): warning C4800: “int”: 将值强制为布尔值“true”或“false”(性能警告)
     1>e:\吴凡\学习\leetcode练习代码\solution\consoleapplication1\consoleapplication1\solution9_14.h(45): warning C4018: “<”: 有符号/无符号不匹配
     1>e:\吴凡\学习\leetcode练习代码\solution\consoleapplication1\consoleapplication1\solution9_17.h(31): warning C4018: “<”: 有符号/无符号不匹配
     1>e:\吴凡\学习\leetcode练习代码\solution\consoleapplication1\consoleapplication1\solution9_17.h(34): warning C4018: “<”: 有符号/无符号不匹配
     1>e:\吴凡\学习\leetcode练习代码\solution\consoleapplication1\consoleapplication1\solution9_17.h(38): warning C4018: “>”: 有符号/无符号不匹配
     1>e:\吴凡\学习\leetcode练习代码\solution\consoleapplication1\consoleapplication1\solution9_22.h(31): warning C4018: “<”: 有符号/无符号不匹配
     1>e:\吴凡\学习\leetcode练习代码\solution\consoleapplication1\consoleapplication1\solution9_22.h(41): warning C4018: “>=”: 有符号/无符号不匹配
     1>e:\吴凡\学习\leetcode练习代码\solution\consoleapplication1\consoleapplication1\solution9_22.h(42): warning C4018: “<=”: 有符号/无符号不匹配
     1>e:\吴凡\学习\leetcode练习代码\solution\consoleapplication1\consoleapplication1\solution9_22.h(49): warning C4018: “<”: 有符号/无符号不匹配
     1>e:\吴凡\学习\leetcode练习代码\solution\consoleapplication1\consoleapplication1\solution9_22.h(58): warning C4018: “<”: 有符号/无符号不匹配
     1>e:\吴凡\学习\leetcode练习代码\solution\consoleapplication1\consoleapplication1\solution_arrary.h(36): warning C4018: “<”: 有符号/无符号不匹配
     1>e:\吴凡\学习\leetcode练习代码\solution\consoleapplication1\consoleapplication1\solution_arrary.h(55): warning C4018: “<”: 有符号/无符号不匹配
     1>e:\吴凡\学习\leetcode练习代码\solution\consoleapplication1\consoleapplication1\solution_arrary.h(66): warning C4018: “<”: 有符号/无符号不匹配
     1>e:\吴凡\学习\leetcode练习代码\solution\consoleapplication1\consoleapplication1\solution_arrary.h(81): warning C4018: “<”: 有符号/无符号不匹配
     1>e:\吴凡\学习\leetcode练习代码\solution\consoleapplication1\consoleapplication1\solution_arrary.h(135): warning C4018: “<”: 有符号/无符号不匹配
     1>e:\吴凡\学习\leetcode练习代码\solution\consoleapplication1\consoleapplication1\solution_arrary.h(136): warning C4018: “<”: 有符号/无符号不匹配
     1>e:\吴凡\学习\leetcode练习代码\solution\consoleapplication1\consoleapplication1\solution_arrary.h(163): warning C4018: “<”: 有符号/无符号不匹配
     1>e:\吴凡\学习\leetcode练习代码\solution\consoleapplication1\consoleapplication1\solution_arrary.h(166): warning C4018: “<”: 有符号/无符号不匹配
     1>e:\吴凡\学习\leetcode练习代码\solution\consoleapplication1\consoleapplication1\solution_arrary.h(170): warning C4018: “>”: 有符号/无符号不匹配
     1>e:\吴凡\学习\leetcode练习代码\solution\consoleapplication1\consoleapplication1\solution_arrary.h(205): warning C4018: “<=”: 有符号/无符号不匹配
     1>e:\吴凡\学习\leetcode练习代码\solution\consoleapplication1\consoleapplication1\solution_arrary.h(260): warning C4018: “<”: 有符号/无符号不匹配
     1>e:\吴凡\学习\leetcode练习代码\solution\consoleapplication1\consoleapplication1\solution_arrary.h(266): warning C4018: “<”: 有符号/无符号不匹配
     1>e:\吴凡\学习\leetcode练习代码\solution\consoleapplication1\consoleapplication1\solution_arrary.h(274): warning C4018: “<”: 有符号/无符号不匹配
     1>e:\吴凡\学习\leetcode练习代码\solution\consoleapplication1\consoleapplication1\solution_arrary.h(282): warning C4018: “<”: 有符号/无符号不匹配
     1>e:\吴凡\学习\leetcode练习代码\solution\consoleapplication1\consoleapplication1\solution_arrary.h(361): warning C4018: “>=”: 有符号/无符号不匹配
     1>e:\吴凡\学习\leetcode练习代码\solution\consoleapplication1\consoleapplication1\solution_arrary.h(368): warning C4018: “<”: 有符号/无符号不匹配
     1>e:\吴凡\学习\leetcode练习代码\solution\consoleapplication1\consoleapplication1\solution_arrary.h(378): warning C4018: “<”: 有符号/无符号不匹配
     1>e:\吴凡\学习\leetcode练习代码\solution\consoleapplication1\consoleapplication1\solution_string.h(86): warning C4018: “<”: 有符号/无符号不匹配
     1>e:\吴凡\学习\leetcode练习代码\solution\consoleapplication1\consoleapplication1\solution_string.h(89): warning C4018: “<”: 有符号/无符号不匹配
     1>e:\吴凡\学习\leetcode练习代码\solution\consoleapplication1\consoleapplication1\solution_listnode.h(154): warning C4018: “<”: 有符号/无符号不匹配
     1>e:\吴凡\学习\leetcode练习代码\solution\consoleapplication1\consoleapplication1\main.cpp(26): error C2065: “greater”: 未声明的标识符
     1>e:\吴凡\学习\leetcode练习代码\solution\consoleapplication1\consoleapplication1\main.cpp(26): error C2062: 意外的类型“int”
     1>e:\吴凡\学习\leetcode练习代码\solution\consoleapplication1\consoleapplication1\main.cpp(26): error C2143: 语法错误 : 缺少“;”(在“>”的前面)
     1>e:\吴凡\学习\leetcode练习代码\solution\consoleapplication1\consoleapplication1\main.cpp(30): error C2065: “que”: 未声明的标识符
     1>e:\吴凡\学习\leetcode练习代码\solution\consoleapplication1\consoleapplication1\main.cpp(30): error C2228: “.top”的左边必须有类/结构/联合
                 类型是“unknown-type”
     1>e:\吴凡\学习\leetcode练习代码\solution\consoleapplication1\consoleapplication1\main.cpp(31): error C2065: “que”: 未声明的标识符
     1>e:\吴凡\学习\leetcode练习代码\solution\consoleapplication1\consoleapplication1\main.cpp(31): error C2228: “.pop”的左边必须有类/结构/联合
                 类型是“unknown-type”
     1>e:\吴凡\学习\leetcode练习代码\solution\consoleapplication1\consoleapplication1\main.cpp(34): error C2065: “que”: 未声明的标识符
     1>e:\吴凡\学习\leetcode练习代码\solution\consoleapplication1\consoleapplication1\main.cpp(34): error C2228: “.push”的左边必须有类/结构/联合
                 类型是“unknown-type”
     1>已完成生成项目“E:\吴凡\学习\LeetCode练习代码\solution\ConsoleApplication1\ConsoleApplication1\ConsoleApplication1.vcxproj”(Build 个目标)的操作 - 失败。

生成失败。

已用时间 00:00:01.01
