e:\吴凡\学习\leetcode练习代码\solution\consoleapplication1\consoleapplication1\debug\vc120.pdb
e:\吴凡\学习\leetcode练习代码\solution\consoleapplication1\consoleapplication1\debug\vc120.idb
e:\吴凡\学习\leetcode练习代码\solution\consoleapplication1\consoleapplication1\debug\main.obj
e:\吴凡\学习\leetcode练习代码\solution\consoleapplication1\consoleapplication1\debug\meituan.obj
e:\吴凡\学习\leetcode练习代码\solution\consoleapplication1\consoleapplication1\debug\misc.obj
e:\吴凡\学习\leetcode练习代码\solution\consoleapplication1\consoleapplication1\debug\my_str_fun.obj
e:\吴凡\学习\leetcode练习代码\solution\consoleapplication1\consoleapplication1\debug\solution9_10.obj
e:\吴凡\学习\leetcode练习代码\solution\consoleapplication1\consoleapplication1\debug\solution9_14.obj
e:\吴凡\学习\leetcode练习代码\solution\consoleapplication1\consoleapplication1\debug\solution9_17.obj
e:\吴凡\学习\leetcode练习代码\solution\consoleapplication1\consoleapplication1\debug\solution9_22.obj
e:\吴凡\学习\leetcode练习代码\solution\consoleapplication1\consoleapplication1\debug\solution_arrary.obj
e:\吴凡\学习\leetcode练习代码\solution\consoleapplication1\consoleapplication1\debug\solution_string.obj
e:\吴凡\学习\leetcode练习代码\solution\consoleapplication1\consoleapplication1\debug\solution_listnode.obj
e:\吴凡\学习\leetcode练习代码\solution\consoleapplication1\consoleapplication1\debug\solution_tree.obj
e:\吴凡\学习\leetcode练习代码\solution\consoleapplication1\consoleapplication1\debug\solution_divide.obj
e:\吴凡\学习\leetcode练习代码\solution\consoleapplication1\consoleapplication1\debug\solution_dp.obj
e:\吴凡\学习\leetcode练习代码\solution\consoleapplication1\consoleapplication1\debug\solution_sort.obj
e:\吴凡\学习\leetcode练习代码\solution\consoleapplication1\consoleapplication1\debug\tool_find.obj
e:\吴凡\学习\leetcode练习代码\solution\consoleapplication1\debug\consoleapplication1.ilk
e:\吴凡\学习\leetcode练习代码\solution\consoleapplication1\debug\consoleapplication1.exe
e:\吴凡\学习\leetcode练习代码\solution\consoleapplication1\debug\consoleapplication1.pdb
e:\吴凡\学习\leetcode练习代码\solution\consoleapplication1\consoleapplication1\debug\consolea.f6f16390.tlog\cl.command.1.tlog
e:\吴凡\学习\leetcode练习代码\solution\consoleapplication1\consoleapplication1\debug\consolea.f6f16390.tlog\cl.read.1.tlog
e:\吴凡\学习\leetcode练习代码\solution\consoleapplication1\consoleapplication1\debug\consolea.f6f16390.tlog\cl.write.1.tlog
e:\吴凡\学习\leetcode练习代码\solution\consoleapplication1\consoleapplication1\debug\consolea.f6f16390.tlog\link.command.1.tlog
e:\吴凡\学习\leetcode练习代码\solution\consoleapplication1\consoleapplication1\debug\consolea.f6f16390.tlog\link.read.1.tlog
e:\吴凡\学习\leetcode练习代码\solution\consoleapplication1\consoleapplication1\debug\consolea.f6f16390.tlog\link.write.1.tlog
